<?xml version="1.0" encoding="UTF-8"?>
<testng-results ignored="0" total="1" passed="1" failed="0" skipped="0">
  <reporter-output>
    <line>
      <![CDATA[openBrowser]]>
    </line>
    <line>
      <![CDATA[login]]>
    </line>
    <line>
      <![CDATA[logout]]>
    </line>
    <line>
      <![CDATA[closeBrowser]]>
    </line>
  </reporter-output>
  <suite started-at="2025-02-05T10:51:37 IST" name="Default suite" finished-at="2025-02-05T10:51:49 IST" duration-ms="12096">
    <groups>
      <group name="cucumber">
        <method signature="AbstractTestNGCucumberTests.runScenario(io.cucumber.testng.PickleWrapper,io.cucumber.testng.FeatureWrapper)[pri:0, instance:runner.Runner@6c4906d3]" name="runScenario" class="io.cucumber.testng.AbstractTestNGCucumberTests"/>
      </group> <!-- cucumber -->
    </groups>
    <test started-at="2025-02-05T10:51:37 IST" name="Default test" finished-at="2025-02-05T10:51:49 IST" duration-ms="12096">
      <class name="runner.Runner">
        <test-method is-config="true" signature="setUpClass(org.testng.ITestContext)[pri:0, instance:runner.Runner@6c4906d3]" started-at="2025-02-05T10:51:37 IST" name="setUpClass" finished-at="2025-02-05T10:51:38 IST" duration-ms="828" status="PASS">
          <params>
            <param index="0">
              <value>
                <![CDATA[org.testng.TestRunner@3804a9a8]]>
              </value>
            </param>
          </params>
          <reporter-output>
          </reporter-output>
        </test-method> <!-- setUpClass -->
        <test-method signature="runScenario(io.cucumber.testng.PickleWrapper,io.cucumber.testng.FeatureWrapper)[pri:0, instance:runner.Runner@6c4906d3]" started-at="2025-02-05T10:51:38 IST" name="runScenario" description="Runs Cucumber Scenarios" data-provider="scenarios" finished-at="2025-02-05T10:51:49 IST" duration-ms="11116" status="PASS">
          <params>
            <param index="0">
              <value>
                <![CDATA["Add an item to the cart"]]>
              </value>
            </param>
            <param index="1">
              <value>
                <![CDATA["Add To cart in swag Labs"]]>
              </value>
            </param>
          </params>
          <reporter-output>
            <line>
              <![CDATA[openBrowser]]>
            </line>
            <line>
              <![CDATA[login]]>
            </line>
            <line>
              <![CDATA[logout]]>
            </line>
            <line>
              <![CDATA[closeBrowser]]>
            </line>
          </reporter-output>
        </test-method> <!-- runScenario -->
        <test-method is-config="true" signature="tearDownClass()[pri:0, instance:runner.Runner@6c4906d3]" started-at="2025-02-05T10:51:49 IST" name="tearDownClass" finished-at="2025-02-05T10:51:49 IST" duration-ms="84" status="PASS">
          <reporter-output>
          </reporter-output>
        </test-method> <!-- tearDownClass -->
      </class> <!-- runner.Runner -->
    </test> <!-- Default test -->
  </suite> <!-- Default suite -->
</testng-results>
